Initialize dataset with 1148435 characters, 84 unique.
[2017-11-28 21:42] Train Step 0001/20000, Batch Size = 64, Examples/Sec = 66.31, Loss = 4.43
[36, 7, 71, 54, 5, 31, 71, 77, 31, 46, 25] zz,,//zJMMM2222AAAuuuusssssggg
@ 1
]]LBBBBLBBlllllllllRRRg00000 

[36, 7, 71, 54, 5, 31, 71, 77, 31, 46, 25]                               
/                                

[2017-11-28 21:42] Train Step 0251/20000, Batch Size = 64, Examples/Sec = 1396.78, Loss = 3.15
[36, 7, 71, 54, 5, 31, 71, 77, 31, 46, 25]                               
#                                

[2017-11-28 21:43] Train Step 0501/20000, Batch Size = 64, Examples/Sec = 1393.96, Loss = 2.76
[36, 7, 71, 54, 5, 31, 71, 77, 31, 46, 25] e the the the the the the the 
I  the the the the the the the t 

[2017-11-28 21:43] Train Step 0751/20000, Batch Size = 64, Examples/Sec = 1401.48, Loss = 2.06
[36, 7, 71, 54, 5, 31, 71, 77, 31, 46, 25] e of the porest of the porest 
8  the porest of the porest of t 

[2017-11-28 21:43] Train Step 1001/20000, Batch Size = 64, Examples/Sec = 1549.97, Loss = 1.92
[36, 7, 71, 54, 5, 31, 71, 77, 31, 46, 25] e the propented the propention
8  the presed the propention of  

[36, 7, 71, 54, 5, 31, 71, 77, 31, 46, 25] s of the country of the countr
$  the present the country of th 

[2017-11-28 21:43] Train Step 1251/20000, Batch Size = 64, Examples/Sec = 1573.97, Loss = 1.81
[36, 7, 71, 54, 5, 31, 71, 77, 31, 46, 25] s of the properal the power th
2  in the power the proper the p 

[2017-11-28 21:43] Train Step 1501/20000, Batch Size = 64, Examples/Sec = 1528.50, Loss = 1.58
[36, 7, 71, 54, 5, 31, 71, 77, 31, 46, 25] s of the present the present t
5  in the present the present th 

[2017-11-28 21:44] Train Step 1751/20000, Batch Size = 64, Examples/Sec = 1420.58, Loss = 1.56
[36, 7, 71, 54, 5, 31, 71, 77, 31, 46, 25]  of the prose of the Union of 
d  the support of the Union of t 

[2017-11-28 21:44] Train Step 2001/20000, Batch Size = 64, Examples/Sec = 1607.85, Loss = 1.53
[36, 7, 71, 54, 5, 31, 71, 77, 31, 46, 25]  of the present the present th
9  the present the present the p 

[36, 7, 71, 54, 5, 31, 71, 77, 31, 46, 25] s of the same to the same to t
k ent of the same to the same to 

[2017-11-28 21:44] Train Step 2251/20000, Batch Size = 64, Examples/Sec = 1623.60, Loss = 1.41
[36, 7, 71, 54, 5, 31, 71, 77, 31, 46, 25]  of the constitutions of the U
7  in the United States which th 

[2017-11-28 21:44] Train Step 2501/20000, Batch Size = 64, Examples/Sec = 1368.51, Loss = 1.43
[36, 7, 71, 54, 5, 31, 71, 77, 31, 46, 25]  the prosperity of the prosper
)  the prosperity of the prosper 

[2017-11-28 21:44] Train Step 2751/20000, Batch Size = 64, Examples/Sec = 1617.97, Loss = 1.35
[36, 7, 71, 54, 5, 31, 71, 77, 31, 46, 25] s of the present the present t
x ercise of the present the pres 

[2017-11-28 21:45] Train Step 3001/20000, Batch Size = 64, Examples/Sec = 1431.14, Loss = 1.40
[36, 7, 71, 54, 5, 31, 71, 77, 31, 46, 25] s of the Union is and the pres
K ent of the Union is and the pr 

[36, 7, 71, 54, 5, 31, 71, 77, 31, 46, 25]  of the United States are not 
] 

[Footnote c: The prosperity  

[2017-11-28 21:45] Train Step 3251/20000, Batch Size = 64, Examples/Sec = 1372.06, Loss = 1.33
[36, 7, 71, 54, 5, 31, 71, 77, 31, 46, 25]  of the people is the same the
S tates which it is not the cons 

[2017-11-28 21:45] Train Step 3501/20000, Batch Size = 64, Examples/Sec = 1426.04, Loss = 1.32
[36, 7, 71, 54, 5, 31, 71, 77, 31, 46, 25]  of the people is a subject of
r est the present the same prope 

[2017-11-28 21:45] Train Step 3751/20000, Batch Size = 64, Examples/Sec = 1583.36, Loss = 1.34
[36, 7, 71, 54, 5, 31, 71, 77, 31, 46, 25]  of the people is the same pro
v ery constitution of the people 

[2017-11-28 21:45] Train Step 4001/20000, Batch Size = 64, Examples/Sec = 1598.30, Loss = 1.26
[36, 7, 71, 54, 5, 31, 71, 77, 31, 46, 25]  of the prosperity of the Unio
g  the prosperity of the Union i 

[36, 7, 71, 54, 5, 31, 71, 77, 31, 46, 25]  of the Union and the prosperi
a nd the prosperity of the Union 

[2017-11-28 21:46] Train Step 4251/20000, Batch Size = 64, Examples/Sec = 1597.82, Loss = 1.28
[36, 7, 71, 54, 5, 31, 71, 77, 31, 46, 25]  of the Union are the present 
N orth America the present the p 

[2017-11-28 21:46] Train Step 4501/20000, Batch Size = 64, Examples/Sec = 1603.57, Loss = 1.25
[36, 7, 71, 54, 5, 31, 71, 77, 31, 46, 25] s of the United States are the
R epresentatives of the United S 

[2017-11-28 21:46] Train Step 4751/20000, Batch Size = 64, Examples/Sec = 1446.16, Loss = 1.21
[36, 7, 71, 54, 5, 31, 71, 77, 31, 46, 25]  of the United States are the 
?  The same principles of the Un 

[2017-11-28 21:46] Train Step 5001/20000, Batch Size = 64, Examples/Sec = 1584.45, Loss = 1.20
[36, 7, 71, 54, 5, 31, 71, 77, 31, 46, 25]  the political power of the Un
2  the political power of the Un 

[36, 7, 71, 54, 5, 31, 71, 77, 31, 46, 25] s of the United States are all
C onstitution of the United Stat 

[2017-11-28 21:46] Train Step 5251/20000, Batch Size = 64, Examples/Sec = 1434.10, Loss = 1.18
[36, 7, 71, 54, 5, 31, 71, 77, 31, 46, 25]  of the United States which is
[ Footnote g: The same powers of 

[2017-11-28 21:46] Train Step 5501/20000, Batch Size = 64, Examples/Sec = 1577.71, Loss = 1.26
[36, 7, 71, 54, 5, 31, 71, 77, 31, 46, 25]  of the Union is the press of 
* c Of The Americans are the pre 

[2017-11-28 21:47] Train Step 5751/20000, Batch Size = 64, Examples/Sec = 1614.80, Loss = 1.22
[36, 7, 71, 54, 5, 31, 71, 77, 31, 46, 25]  of the Union are the principl
N orth America the principles of 

[2017-11-28 21:47] Train Step 6001/20000, Batch Size = 64, Examples/Sec = 1408.99, Loss = 1.25
[36, 7, 71, 54, 5, 31, 71, 77, 31, 46, 25]  of the country is always the 
% ed to the constitution of the  

[36, 7, 71, 54, 5, 31, 71, 77, 31, 46, 25] s of the Union are almost all 
V ich are all the prosperity of  

[2017-11-28 21:47] Train Step 6251/20000, Batch Size = 64, Examples/Sec = 1532.48, Loss = 1.23
[36, 7, 71, 54, 5, 31, 71, 77, 31, 46, 25] s of the Union is a security o
E uropeans are all the consequen 

[2017-11-28 21:47] Train Step 6501/20000, Batch Size = 64, Examples/Sec = 1584.07, Loss = 1.19
[36, 7, 71, 54, 5, 31, 71, 77, 31, 46, 25]  of the country is the country
5 0,000 in the country is the co 

[2017-11-28 21:47] Train Step 6751/20000, Batch Size = 64, Examples/Sec = 1451.32, Loss = 1.16
[36, 7, 71, 54, 5, 31, 71, 77, 31, 46, 25]  the same time in the conseque
y  the consequence of the Union  

[2017-11-28 21:48] Train Step 7001/20000, Batch Size = 64, Examples/Sec = 1607.08, Loss = 1.23
[36, 7, 71, 54, 5, 31, 71, 77, 31, 46, 25]  of the country which is the s
y  are the same propensities of  

[36, 7, 71, 54, 5, 31, 71, 77, 31, 46, 25] s of the people is the present
b e the present time and the pre 

[2017-11-28 21:48] Train Step 7251/20000, Batch Size = 64, Examples/Sec = 1600.33, Loss = 1.24
[36, 7, 71, 54, 5, 31, 71, 77, 31, 46, 25]  and the same time of the coun
d  the same time of the country  

[2017-11-28 21:48] Train Step 7501/20000, Batch Size = 64, Examples/Sec = 1447.42, Loss = 1.12
[36, 7, 71, 54, 5, 31, 71, 77, 31, 46, 25]  and the same time in the Unit
q uality of the United States ar 

[2017-11-28 21:48] Train Step 7751/20000, Batch Size = 64, Examples/Sec = 1474.61, Loss = 1.18
[36, 7, 71, 54, 5, 31, 71, 77, 31, 46, 25]  1830, and the most propensiti
u t the same time the same time  

[2017-11-28 21:48] Train Step 8001/20000, Batch Size = 64, Examples/Sec = 1569.23, Loss = 1.22
[36, 7, 71, 54, 5, 31, 71, 77, 31, 46, 25]  1830, and the property of the
4 0,000 inhabitants of the Unite 

[36, 7, 71, 54, 5, 31, 71, 77, 31, 46, 25]  the same time the same time t
s  the same time the same time t 

[2017-11-28 21:48] Train Step 8251/20000, Batch Size = 64, Examples/Sec = 1465.69, Loss = 1.25
[36, 7, 71, 54, 5, 31, 71, 77, 31, 46, 25]  1832, and the property of the
W hen the property of the United 

[2017-11-28 21:49] Train Step 8501/20000, Batch Size = 64, Examples/Sec = 1468.38, Loss = 1.17
[36, 7, 71, 54, 5, 31, 71, 77, 31, 46, 25]  1830, and the power of the po
F ootnote c: It is the present t 

[2017-11-28 21:49] Train Step 8751/20000, Batch Size = 64, Examples/Sec = 1437.51, Loss = 1.17
[36, 7, 71, 54, 5, 31, 71, 77, 31, 46, 25] s of the Union, and the presen
M assachusetts the present time  

[2017-11-28 21:49] Train Step 9001/20000, Batch Size = 64, Examples/Sec = 1543.57, Loss = 1.19
[36, 7, 71, 54, 5, 31, 71, 77, 31, 46, 25]  1830, and the present power o
w hich is the same principles of 

[36, 7, 71, 54, 5, 31, 71, 77, 31, 46, 25]  1830, and the principles of t
v ernment of the Union and the p 

[2017-11-28 21:49] Train Step 9251/20000, Batch Size = 64, Examples/Sec = 1568.58, Loss = 1.18
[36, 7, 71, 54, 5, 31, 71, 77, 31, 46, 25]  1830, and the principle of th
U nited States are always be all 

[2017-11-28 21:49] Train Step 9501/20000, Batch Size = 64, Examples/Sec = 1469.95, Loss = 1.17
[36, 7, 71, 54, 5, 31, 71, 77, 31, 46, 25]  and the present day the prese
3 0,000 inhabitants of the Unite 

[2017-11-28 21:50] Train Step 9751/20000, Batch Size = 64, Examples/Sec = 1435.58, Loss = 1.11
[36, 7, 71, 54, 5, 31, 71, 77, 31, 46, 25]  1830, and the present time in
T he present time in the United  

[2017-11-28 21:50] Train Step 10001/20000, Batch Size = 64, Examples/Sec = 1458.25, Loss = 1.14
[36, 7, 71, 54, 5, 31, 71, 77, 31, 46, 25]  and the consequence of the co
Z erts of the Union is the contr 

[36, 7, 71, 54, 5, 31, 71, 77, 31, 46, 25]  1830, and the population of t
@ ed to the present time the pop 

[2017-11-28 21:50] Train Step 10251/20000, Batch Size = 64, Examples/Sec = 1589.01, Loss = 1.23
[36, 7, 71, 54, 5, 31, 71, 77, 31, 46, 25]  1830, and the Americans have 
F ootnote p: The Americans have  

[2017-11-28 21:50] Train Step 10501/20000, Batch Size = 64, Examples/Sec = 1574.72, Loss = 1.18
[36, 7, 71, 54, 5, 31, 71, 77, 31, 46, 25]  1830, and the present time in
u t the same time to the present 

[2017-11-28 21:50] Train Step 10751/20000, Batch Size = 64, Examples/Sec = 1442.26, Loss = 1.15
[36, 7, 71, 54, 5, 31, 71, 77, 31, 46, 25]  1830, and the Americans are t
g  the same time in the country  

[2017-11-28 21:51] Train Step 11001/20000, Batch Size = 64, Examples/Sec = 1446.54, Loss = 1.19
[36, 7, 71, 54, 5, 31, 71, 77, 31, 46, 25]  1830, and the Americans have 
I n the United States the privil 

[36, 7, 71, 54, 5, 31, 71, 77, 31, 46, 25]  1830, and the Americans have 
D emocracy is the same time the  

[2017-11-28 21:51] Train Step 11251/20000, Batch Size = 64, Examples/Sec = 1448.36, Loss = 1.23
[36, 7, 71, 54, 5, 31, 71, 77, 31, 46, 25]  1830, and the principle of th
8 . It is the same time it is th 

[2017-11-28 21:51] Train Step 11501/20000, Batch Size = 64, Examples/Sec = 1446.77, Loss = 1.13
[36, 7, 71, 54, 5, 31, 71, 77, 31, 46, 25]  1830, p. 18.)]

[Footnote d: 
f  the United States are the con 

[2017-11-28 21:51] Train Step 11751/20000, Batch Size = 64, Examples/Sec = 1581.40, Loss = 1.22
[36, 7, 71, 54, 5, 31, 71, 77, 31, 46, 25]  1830, and the power of the pe
Q ual and the principle of the p 

[2017-11-28 21:51] Train Step 12001/20000, Batch Size = 64, Examples/Sec = 1479.15, Loss = 1.16
[36, 7, 71, 54, 5, 31, 71, 77, 31, 46, 25]  1830, and the principles of t
g  the principles of the United  

[36, 7, 71, 54, 5, 31, 71, 77, 31, 46, 25]  1830, p. 170) the Americans h
P roject Gutenberg-tm electronic 

[2017-11-28 21:51] Train Step 12251/20000, Batch Size = 64, Examples/Sec = 1456.13, Loss = 1.14
[36, 7, 71, 54, 5, 31, 71, 77, 31, 46, 25]  1830, and the present day the
4 0,000 fr. The Americans have b 

[2017-11-28 21:52] Train Step 12501/20000, Batch Size = 64, Examples/Sec = 1458.18, Loss = 1.12
[36, 7, 71, 54, 5, 31, 71, 77, 31, 46, 25]  1830 the American people whic
7 89 the American people which i 

[2017-11-28 21:52] Train Step 12751/20000, Batch Size = 64, Examples/Sec = 1454.04, Loss = 1.13
[36, 7, 71, 54, 5, 31, 71, 77, 31, 46, 25]  1830, and the principle of th
C onstitution of the United Stat 

[2017-11-28 21:52] Train Step 13001/20000, Batch Size = 64, Examples/Sec = 1470.73, Loss = 1.14
[36, 7, 71, 54, 5, 31, 71, 77, 31, 46, 25]  1830, and the present time of
Z er of the Union which is alway 

[36, 7, 71, 54, 5, 31, 71, 77, 31, 46, 25]  1820, and the principles of t
@ ent the property of the countr 

[2017-11-28 21:52] Train Step 13251/20000, Batch Size = 64, Examples/Sec = 1437.04, Loss = 1.14
[36, 7, 71, 54, 5, 31, 71, 77, 31, 46, 25]  1829, and the people are the 

 the present day the present da 

[2017-11-28 21:52] Train Step 13501/20000, Batch Size = 64, Examples/Sec = 1580.69, Loss = 1.07
[36, 7, 71, 54, 5, 31, 71, 77, 31, 46, 25]  1830, and the principle of th
q uences of the Union are not al 

[2017-11-28 21:53] Train Step 13751/20000, Batch Size = 64, Examples/Sec = 1440.89, Loss = 1.13
[36, 7, 71, 54, 5, 31, 71, 77, 31, 46, 25]  1830, and the present time an
7 89, the Americans have been th 

[2017-11-28 21:53] Train Step 14001/20000, Batch Size = 64, Examples/Sec = 1597.35, Loss = 1.14
[36, 7, 71, 54, 5, 31, 71, 77, 31, 46, 25]  1830, and the present day the
2 , 1833, p. 18.)]

[Footnote b: 

[36, 7, 71, 54, 5, 31, 71, 77, 31, 46, 25]  1830, p. 183, the provincial 
u t the province of the people w 

[2017-11-28 21:53] Train Step 14251/20000, Batch Size = 64, Examples/Sec = 1428.63, Loss = 1.10
[36, 7, 71, 54, 5, 31, 71, 77, 31, 46, 25]  1830, p. 164.) In 1830 the Am
I  have already strong to the sa 

[2017-11-28 21:53] Train Step 14501/20000, Batch Size = 64, Examples/Sec = 1584.33, Loss = 1.16
[36, 7, 71, 54, 5, 31, 71, 77, 31, 46, 25]  1820, and the proposition of 
I  have been able to consider th 

[2017-11-28 21:53] Train Step 14751/20000, Batch Size = 64, Examples/Sec = 1613.37, Loss = 1.14
[36, 7, 71, 54, 5, 31, 71, 77, 31, 46, 25]  1820, and the proportion of t
t he consequences of the people  

[2017-11-28 21:54] Train Step 15001/20000, Batch Size = 64, Examples/Sec = 1589.72, Loss = 1.13
[36, 7, 71, 54, 5, 31, 71, 77, 31, 46, 25]  1830, and the principle of th
x ercise of the press in the Uni 

[36, 7, 71, 54, 5, 31, 71, 77, 31, 46, 25]  1830, and the present day the

 the contrary power of the coun 

[2017-11-28 21:54] Train Step 15251/20000, Batch Size = 64, Examples/Sec = 1466.65, Loss = 1.23
[36, 7, 71, 54, 5, 31, 71, 77, 31, 46, 25]  1830, the Constitution of the
l e to the same time the same ti 

[2017-11-28 21:54] Train Step 15501/20000, Batch Size = 64, Examples/Sec = 1597.18, Loss = 1.10
[36, 7, 71, 54, 5, 31, 71, 77, 31, 46, 25]  1830 the American course of t

 the principles of the people w 

[2017-11-28 21:54] Train Step 15751/20000, Batch Size = 64, Examples/Sec = 1557.73, Loss = 1.19
[36, 7, 71, 54, 5, 31, 71, 77, 31, 46, 25]  1830 to the property of the p
a tion of the people is not alwa 

[2017-11-28 21:54] Train Step 16001/20000, Batch Size = 64, Examples/Sec = 1551.62, Loss = 1.09
[36, 7, 71, 54, 5, 31, 71, 77, 31, 46, 25]  1830, the Americans have the 
X VIII: Future Condition Of The  

[36, 7, 71, 54, 5, 31, 71, 77, 31, 46, 25]  1830, the Americans of the Un
a nd the power of the people whi 

[2017-11-28 21:54] Train Step 16251/20000, Batch Size = 64, Examples/Sec = 1607.94, Loss = 1.12
[36, 7, 71, 54, 5, 31, 71, 77, 31, 46, 25]  1830, and the property of the
x ercise of the people in the Un 

[2017-11-28 21:55] Train Step 16501/20000, Batch Size = 64, Examples/Sec = 1447.39, Loss = 1.11
[36, 7, 71, 54, 5, 31, 71, 77, 31, 46, 25]  1830, the Americans have been
2 0,000,000. The principles of t 

[2017-11-28 21:55] Train Step 16751/20000, Batch Size = 64, Examples/Sec = 1423.42, Loss = 1.09
[36, 7, 71, 54, 5, 31, 71, 77, 31, 46, 25]  1830 the Americans of the Uni
L egislative Documents are the s 

[2017-11-28 21:55] Train Step 17001/20000, Batch Size = 64, Examples/Sec = 1582.74, Loss = 1.08
[36, 7, 71, 54, 5, 31, 71, 77, 31, 46, 25]  1830, and the proper than the
t he same people, and the produc 

[36, 7, 71, 54, 5, 31, 71, 77, 31, 46, 25]  1830, p. 19.]

[Footnote d: I
  the proportion of the people w 

[2017-11-28 21:55] Train Step 17251/20000, Batch Size = 64, Examples/Sec = 1472.89, Loss = 1.10
[36, 7, 71, 54, 5, 31, 71, 77, 31, 46, 25]  1830, and the principles of t
u t the present time the same pr 

[2017-11-28 21:55] Train Step 17501/20000, Batch Size = 64, Examples/Sec = 1572.28, Loss = 1.14
[36, 7, 71, 54, 5, 31, 71, 77, 31, 46, 25]  1830, and the power of the pe
( and the same time and the same 

[2017-11-28 21:56] Train Step 17751/20000, Batch Size = 64, Examples/Sec = 1602.48, Loss = 1.12
[36, 7, 71, 54, 5, 31, 71, 77, 31, 46, 25]  1830 the Americans have been 
s  the same propensities are the 

[2017-11-28 21:56] Train Step 18001/20000, Batch Size = 64, Examples/Sec = 1461.57, Loss = 1.10
[36, 7, 71, 54, 5, 31, 71, 77, 31, 46, 25]  1830, and the present time. T
4 , 1831, and the present time.  

[36, 7, 71, 54, 5, 31, 71, 77, 31, 46, 25]  1820 a more difficult to the 
.  The same spirit of the people 

[2017-11-28 21:56] Train Step 18251/20000, Batch Size = 64, Examples/Sec = 1501.57, Loss = 1.15
[36, 7, 71, 54, 5, 31, 71, 77, 31, 46, 25]  1830 the Americans have been 
a nd the same time the same time 

[2017-11-28 21:56] Train Step 18501/20000, Batch Size = 64, Examples/Sec = 1585.50, Loss = 1.12
[36, 7, 71, 54, 5, 31, 71, 77, 31, 46, 25] s of the people is a second re
%  the same time in the country  

[2017-11-28 21:56] Train Step 18751/20000, Batch Size = 64, Examples/Sec = 1492.36, Loss = 1.14
[36, 7, 71, 54, 5, 31, 71, 77, 31, 46, 25] s of the United States are the
f  the people as the present day 

[2017-11-28 21:57] Train Step 19001/20000, Batch Size = 64, Examples/Sec = 1498.80, Loss = 1.15
[36, 7, 71, 54, 5, 31, 71, 77, 31, 46, 25]  1830, and the principal autho
X VIII: Future Condition Of The  

[36, 7, 71, 54, 5, 31, 71, 77, 31, 46, 25]  1830 the Constitution of the 
0 0,000 of the country which is  

[2017-11-28 21:57] Train Step 19251/20000, Batch Size = 64, Examples/Sec = 1473.54, Loss = 1.06
[36, 7, 71, 54, 5, 31, 71, 77, 31, 46, 25]  1830, and the principle of th
3 1, 1830, and the principle of  

[2017-11-28 21:57] Train Step 19501/20000, Batch Size = 64, Examples/Sec = 1498.93, Loss = 1.16
[36, 7, 71, 54, 5, 31, 71, 77, 31, 46, 25]  1830, p. 229. The Americans h
B ut the property of the people  

[2017-11-28 21:57] Train Step 19751/20000, Batch Size = 64, Examples/Sec = 1452.10, Loss = 1.12
[36, 7, 71, 54, 5, 31, 71, 77, 31, 46, 25]  1830 the Constitution of the 
H ouse of Massachusetts, and the 

