Initialize dataset with 1148435 characters, 84 unique.
[2017-11-28 21:50] Train Step 0001/20000, Batch Size = 64, Examples/Sec = 61.78, Loss = 4.43
in the yearCSSXXzzz((1111MMMPPPPPP44EEEEEEEECEEECEEEECXEEEEECEEECEEECEEECEEECEECXEEEEECEECEEECEEECEECXEEEEECEEC
P 4EEEhJJJJwwwwwwwwwwZZZZZZ55555555NNNNNN'''cccccccc--LLLLL)'KKKK%6AAAuuuu"""""""""""""RxxbbbbxxmSS[[S 

in the year                                                                                                    
A                                                                                                      

[2017-11-28 21:50] Train Step 0251/20000, Batch Size = 64, Examples/Sec = 1478.39, Loss = 3.18
in the year                                                                                                    
n                                                                                                      

[2017-11-28 21:50] Train Step 0501/20000, Batch Size = 64, Examples/Sec = 1597.46, Loss = 2.76
in the yeare the the the the the the the the the the the the the the the the the the the the the the the the th
/  the the the the the the the the the the the the the the the the the the the the the the the the the 

[2017-11-28 21:50] Train Step 0751/20000, Batch Size = 64, Examples/Sec = 1513.17, Loss = 2.12
in the yeare the pore the pore the pore the pore the pore the pore the pore the pore the pore the pore the pore
y  the pore the pore the pore the pore the pore the pore the pore the pore the pore the pore the pore  

[2017-11-28 21:50] Train Step 1001/20000, Batch Size = 64, Examples/Sec = 1469.20, Loss = 1.91
in the years of the promers of the promers of the promers of the promers of the promers of the promers of the p
5  the some the some the some the some the some the some the some the some the some the some the some  

in the years of the propersed the present of the present of the present of the present of the present of the pr
4  the present of the present of the present of the present of the present of the present of the prese 

[2017-11-28 21:50] Train Step 1251/20000, Batch Size = 64, Examples/Sec = 1645.04, Loss = 1.74
in the years of the propless of the propless of the propless of the propless of the propless of the propless of
3  the same the same the same the same the same the same the same the same the same the same the same  

[2017-11-28 21:51] Train Step 1501/20000, Batch Size = 64, Examples/Sec = 1463.45, Loss = 1.71
in the years of the proportion of the proportion of the proportion of the power of the proportion of the propor
s  the constitution of the power of the proportion of the proportion of the power of the proportion of 

[2017-11-28 21:51] Train Step 1751/20000, Batch Size = 64, Examples/Sec = 1616.41, Loss = 1.58
in the years of the country of the country of the country of the country of the country of the country of the c
.  The powers of the propersing the country of the country of the country of the country of the countr 

[2017-11-28 21:51] Train Step 2001/20000, Batch Size = 64, Examples/Sec = 1463.96, Loss = 1.48
in the years of the United States which the supposition of the United States which the supposition of the Unite
9  the same power of the United States which the supposition of the United States which the suppositio 

in the years of the United States are the present that the present that the present that the present that the p
9  the present that the present that the present that the present that the present that the present th 

[2017-11-28 21:51] Train Step 2251/20000, Batch Size = 64, Examples/Sec = 1461.61, Loss = 1.35
in the years of the United States the power of the United States the power of the United States the power of th
i ng the power of the United States the power of the United States the power of the United States the  

[2017-11-28 21:51] Train Step 2501/20000, Batch Size = 64, Examples/Sec = 1467.85, Loss = 1.39
in the years of the United States and the same power of the United States and the same power of the United Stat
' s and the same power of the United States and the same power of the United States and the same power 

[2017-11-28 21:52] Train Step 2751/20000, Batch Size = 64, Examples/Sec = 1639.05, Loss = 1.43
in the year of the Union and the power of the Union and the power of the Union and the power of the Union and t
s  of the Union and the power of the Union and the power of the Union and the power of the Union and t 

[2017-11-28 21:52] Train Step 3001/20000, Batch Size = 64, Examples/Sec = 1453.36, Loss = 1.35
in the years of the United States the same power of the United States the same power of the United States the s
w hich have not an any of the United States the same power of the United States the same power of the  

in the year of the Union and the present of the political courts of the Union and the present of the political 
6  the present of the political courts of the Union and the present of the political courts of the Uni 

[2017-11-28 21:52] Train Step 3251/20000, Batch Size = 64, Examples/Sec = 1670.16, Loss = 1.32
in the year of the Union and the popular of the Union and the popular of the Union and the popular of the Union
H ouse the popular of the Union and the popular of the Union and the popular of the Union and the popu 

[2017-11-28 21:52] Train Step 3501/20000, Batch Size = 64, Examples/Sec = 1669.71, Loss = 1.27
in the year of the United States are the principle of the present the second of the press of the press of the p
)  the principle of the present the second of the press of the press of the press of the press of the  

[2017-11-28 21:52] Train Step 3751/20000, Batch Size = 64, Examples/Sec = 1659.01, Loss = 1.31
in the year of the United States the provincial constitution of the United States the provincial constitution o
E ngland the provincial constitution of the United States the provincial constitution of the United St 

[2017-11-28 21:53] Train Step 4001/20000, Batch Size = 64, Examples/Sec = 1653.60, Loss = 1.29
in the year of the United States the present the same power of the United States the present the same power of 
u t the present the same power of the United States the present the same power of the United States th 

in the year of the Union is a powers of the Union is a powers of the Union is a powers of the Union is a powers
r e the constitution of the Union is a powers of the Union is a powers of the Union is a powers of the 

[2017-11-28 21:53] Train Step 4251/20000, Batch Size = 64, Examples/Sec = 1647.42, Loss = 1.28
in the years of the Union are the present time the same country in the United States are the present time the s
P resident is the constitution of the Union are the present time the same country in the United States 

[2017-11-28 21:53] Train Step 4501/20000, Batch Size = 64, Examples/Sec = 1463.11, Loss = 1.18
in the year of the present time the constitution of the constitution of the constitution of the constitution of
q uently declared the constitution of the constitution of the constitution of the constitution of the  

[2017-11-28 21:53] Train Step 4751/20000, Batch Size = 64, Examples/Sec = 1640.29, Loss = 1.30
in the year of the Union in the United States are not always always accomplished to the proportion of the Union
j ust the proportion of the Union is to be most of the property of the Union is to be most of the prop 

[2017-11-28 21:53] Train Step 5001/20000, Batch Size = 64, Examples/Sec = 1648.73, Loss = 1.34
in the year of the United States is the courts of the United States is the courts of the United States is the c
J ustices of the United States is the courts of the United States is the courts of the United States i 

in the year of the contempone of the contempone of the contempone of the contempone of the contempone of the co
h e contrary of the contempone of the contempone of the contempone of the contempone of the contempone 

[2017-11-28 21:54] Train Step 5251/20000, Batch Size = 64, Examples/Sec = 1603.61, Loss = 1.18
in the year of the Union is the courts of the Union is the courts of the Union is the courts of the Union is th
w hich the present day the present day the present day the present day the present day the present day 

[2017-11-28 21:54] Train Step 5501/20000, Batch Size = 64, Examples/Sec = 1625.18, Loss = 1.28
in the years of the people which is the same power of the present day the present day the present day the prese
O f The United States the present day the present day the present day the present day the present day  

[2017-11-28 21:54] Train Step 5751/20000, Batch Size = 64, Examples/Sec = 1475.94, Loss = 1.17
in the year of the Union is always be administration of the present day as the present day as the present day a
F ootnote i: The present day as the present day as the present day as the present day as the present d 

[2017-11-28 21:54] Train Step 6001/20000, Batch Size = 64, Examples/Sec = 1648.17, Loss = 1.30
in the year of the United States are not all the present day the present day the present day the present day th
f  the United States are not all the present day the present day the present day the present day the p 

in the year the present time the present time the present time the present time the present time the present ti
k  the present time the present time the present time the present time the present time the present ti 

[2017-11-28 21:54] Train Step 6251/20000, Batch Size = 64, Examples/Sec = 1474.24, Loss = 1.23
in the year of the present day the same propensities of the present day the same propensities of the present da
1 831, p. 314.]

[Footnote i: The present day the same propensities of the present day the same propen 

[2017-11-28 21:54] Train Step 6501/20000, Batch Size = 64, Examples/Sec = 1655.55, Loss = 1.22
in the year of the United States are not always be advantages to the principle of the people is the principle o
H ows to the principle of the United States are not always be advantages to the principle of the peopl 

[2017-11-28 21:55] Train Step 6751/20000, Batch Size = 64, Examples/Sec = 1486.44, Loss = 1.19
in the years of the United States which is not the contrary, and the present day the present day the present da
q uently distinct the same power of the State of the United States which is not the contrary, and the  

[2017-11-28 21:55] Train Step 7001/20000, Batch Size = 64, Examples/Sec = 1481.66, Loss = 1.16
in the year as the present day the present day the present day the present day the present day the present day 
f  the present time to the consequences of the press of the present time to the consequences of the pr 

in the year and the present day the present day the present day the present day the present day the present day

 the power of the country which the laws of the United States the present day the present day the pre 

[2017-11-28 21:55] Train Step 7251/20000, Batch Size = 64, Examples/Sec = 1610.64, Loss = 1.22
in the year and the most powerful interests of the United States the same time and the most powerful interests 
E ngland the power of the Union is the constitutions of the United States the same time and the most p 

[2017-11-28 21:55] Train Step 7501/20000, Batch Size = 64, Examples/Sec = 1615.37, Loss = 1.26
in the year Congress are the consequences of the country in the United States the constitution of the Union are
B ut the present day the present day the present day the present day the present day the present day t 

[2017-11-28 21:55] Train Step 7751/20000, Batch Size = 64, Examples/Sec = 1501.66, Loss = 1.22
in the year the same principles of the country in the United States the same time the same time the same time t
h e country in the United States the same time the same time the same time the same time the same time 

[2017-11-28 21:56] Train Step 8001/20000, Batch Size = 64, Examples/Sec = 1669.94, Loss = 1.22
in the year Congress and the property and the same power in the United States are not to be more and the same p
k e the same power in the United States are not to be more and the same power in the same power in the 

in the year Congress are the most powerful are the most powerful are the most powerful are the most powerful ar
/ present the community of the United States the most powerful are the most powerful are the most powe 

[2017-11-28 21:56] Train Step 8251/20000, Batch Size = 64, Examples/Sec = 1644.66, Loss = 1.23
in the year 1830, and the private individual is the private individual is the private individual is the private
)  the private individual is the private individual is the private individual is the private individua 

[2017-11-28 21:56] Train Step 8501/20000, Batch Size = 64, Examples/Sec = 1626.29, Loss = 1.17
in the year 1830, and the province of the country in the country in the country in the country in the country i
b e more able to the consequence of the country in the country in the country in the country in the co 

[2017-11-28 21:56] Train Step 8751/20000, Batch Size = 64, Examples/Sec = 1644.24, Loss = 1.16
in the year Congress are the same time they are the same time they are the same time they are the same time the
f  the Union in the United States are not accurately to the same time they are the same time they are  

[2017-11-28 21:56] Train Step 9001/20000, Batch Size = 64, Examples/Sec = 1615.65, Loss = 1.12
in the year the population of the Union is the power of the population of the Union is the power of the populat
w hich it is the power of the population of the Union is the power of the population of the Union is t 

in the year Constitution of the United States the consequence of the country is the sole community are the same
D emocracy are the same propensity of the country is the sole community are the same propensity of the 

[2017-11-28 21:57] Train Step 9251/20000, Batch Size = 64, Examples/Sec = 1545.53, Loss = 1.18
in the year 1830, the Constitution of the United States the principles of the Union is the constitutions of the
x ecution of the country in the United States the principles of the Union is the constitutions of the  

[2017-11-28 21:57] Train Step 9501/20000, Batch Size = 64, Examples/Sec = 1531.45, Loss = 1.17
in the year 1830, and the Constitution of the Union is the most powerful and the constitution of the Union is t
* a In America the constitution of the Union is the most powerful and the constitution of the Union is 

[2017-11-28 21:57] Train Step 9751/20000, Batch Size = 64, Examples/Sec = 1494.01, Loss = 1.12
in the year 1830, and the principle of the country which is the same time the same time the same time the same 
S tates the same principles of the State of the Union and the same principles of the State of the Unio 

[2017-11-28 21:57] Train Step 10001/20000, Batch Size = 64, Examples/Sec = 1490.58, Loss = 1.12
in the years of the United States are the same propensities of the present time the same propensities of the pr
w hich is the same propensities of the present time the same propensities of the present time the same 

in the year 1830, the Constitution of the United States the same time the power of the United States the same t
i t is the contrary, the contrary, the contrary, the contrary, the contrary, the contrary, the contrar 

[2017-11-28 21:57] Train Step 10251/20000, Batch Size = 64, Examples/Sec = 1526.42, Loss = 1.15
in the year 1830, the Constitution of the United States are not always be able to a contract of the people are 
f  the population of the United States are not always be able to a contract of the people are not alwa 

[2017-11-28 21:57] Train Step 10501/20000, Batch Size = 64, Examples/Sec = 1525.08, Loss = 1.15
in the year 1830, the Constitution of the United States are not the same time the principles of the country whi
H ow the principles of the State of the United States are not the same time the principles of the coun 

[2017-11-28 21:58] Train Step 10751/20000, Batch Size = 64, Examples/Sec = 1517.32, Loss = 1.12
in the year 1831, the Constitution of the Union is the same people is to be a conduct of the people is the same
f  the people is the same people is to be a conduct of the people is the same people is to be a conduc 

[2017-11-28 21:58] Train Step 11001/20000, Batch Size = 64, Examples/Sec = 1621.63, Loss = 1.16
in the year 1830. The people which is at the same period of the constitution of the people which is at the same
t he people which is at the same period of the constitution of the people which is at the same period  

in the year 1830, and the Constitution of the Union is the contracts of the principal officers of the Union is 
W hen the Americans have been able to contain the laws of the people in the United States is the contr 

[2017-11-28 21:58] Train Step 11251/20000, Batch Size = 64, Examples/Sec = 1519.40, Loss = 1.12
in the year 1830, the Constitution of the United States are already observed that the principles of the United 
,  and the principles of the United States the principles of the United States the principles of the U 

[2017-11-28 21:58] Train Step 11501/20000, Batch Size = 64, Examples/Sec = 1526.50, Loss = 1.13
in the year 1830, and the power of the people is to be able to make the same results of the people is to be abl
#  the same power of the people is to be able to make the same results of the people is to be able to  

[2017-11-28 21:58] Train Step 11751/20000, Batch Size = 64, Examples/Sec = 1617.99, Loss = 1.13
in the year 1833, and the Constitution of the United States are allowed to be a superior to the contrary of the
#  the people which is not to be able to be able to be able to be able to be able to be able to be abl 

[2017-11-28 21:59] Train Step 12001/20000, Batch Size = 64, Examples/Sec = 1593.64, Loss = 1.14
in the year 1831, the Constitution of the United States are not to be a constant to the same people of the Unit
[ Footnote f: See Act of March 13, 1829, and the Constitution of the United States are not to be a con 

in the year 1830, the Constitution of the United States have no country which is at the same people is the cons
%  the sovereignty of the United States have no country which is at the same people is the consequence 

[2017-11-28 21:59] Train Step 12251/20000, Batch Size = 64, Examples/Sec = 1483.08, Loss = 1.12
in the year 1830, the Constitution of the Union are not always been about to be an extent of the people which i
z en the present day the present day the present day the present day the present day the present day t 

[2017-11-28 21:59] Train Step 12501/20000, Batch Size = 64, Examples/Sec = 1636.32, Loss = 1.19
in the year 1830, the Constitution of the Union was the most powerful interest of the people is the contrary to
6 50,000 of the Constitution of the Union was the most powerful interest of the people is the contrary 

[2017-11-28 21:59] Train Step 12751/20000, Batch Size = 64, Examples/Sec = 1496.93, Loss = 1.18
in the year 1830, the Constitution of the United States the same time the same time the same time the same time
A merican countries in the United States is the same time the same time the same time the same time th 

[2017-11-28 21:59] Train Step 13001/20000, Batch Size = 64, Examples/Sec = 1493.64, Loss = 1.15
in the year 1833, p. 48.]

[Footnote b: See the Americans have been able to a contrary interests of the State i
( and the people which is the constitution of the State is the constitution of the State is the consti 

in the years of the Union are the constitution of the Union is to be allowed to the consequences of the people 
9  the consequences of the people which is the constitution of the Union is to be allowed to the conse 

[2017-11-28 22:00] Train Step 13251/20000, Batch Size = 64, Examples/Sec = 1423.05, Loss = 1.15
in the year 1830, and the Court of Sessions of the United States is attacked that the same principle of the cou

 the present day the present day the present day the present day the present day the present day the  

[2017-11-28 22:00] Train Step 13501/20000, Batch Size = 64, Examples/Sec = 1472.78, Loss = 1.14
in the year 1830, the Constitution of the Union is the same power of the principles of the people is the same p
F ootnote d: The population of the Union is the same power of the principles of the people is the same 

[2017-11-28 22:00] Train Step 13751/20000, Batch Size = 64, Examples/Sec = 1462.91, Loss = 1.15
in the year 1830. The population of the United States are not always a single individual causes are allowed to 
K ent is the same power which is at the same time the present day the present day the present day the  

[2017-11-28 22:00] Train Step 14001/20000, Batch Size = 64, Examples/Sec = 1482.41, Loss = 1.15
in the year 1830, the Constitution of the United States the country which is at the same time the principal con
Q ual to the country which are not always been at the same time the principal consequence of the count 

in the years of the United States are not always an extent of the country which is not the contrary, and the po
r e the same portion of the United States in the United States in the United States in the United Stat 

[2017-11-28 22:00] Train Step 14251/20000, Batch Size = 64, Examples/Sec = 1667.02, Loss = 1.13
in the year 1830, the people is the right of all the constitution of the Union the power of the people is the r
q uire the laws of the Union the power of the people is the right of all the constitution of the Union 

[2017-11-28 22:01] Train Step 14501/20000, Batch Size = 64, Examples/Sec = 1645.09, Loss = 1.16
in the year 1830, and the property of the people is not always been able to act as the property of the people i
J ustice of the Union with the property of the people is not always been able to act as the property o 

[2017-11-28 22:01] Train Step 14751/20000, Batch Size = 64, Examples/Sec = 1639.70, Loss = 1.08
in the year 1830, the Constitution of the United States are not been able to act as the present day the same pe
%  the present day the same people is almost always been able to act as the present day the same peopl 

[2017-11-28 22:01] Train Step 15001/20000, Batch Size = 64, Examples/Sec = 1596.33, Loss = 1.15
in the year 1830, the Constitution of the Union are the same of the country in the United States is the control
i ng the more appearance of the country in the United States is the control of the country in the Unit 

in the year 1830, the Americans of the United States are not subsisted by the same proportion of the people is 
D emocracy are the same property and the same property and the same property and the same property and 

[2017-11-28 22:01] Train Step 15251/20000, Batch Size = 64, Examples/Sec = 1487.81, Loss = 1.13
in the year 1830 the Constitution of the United States are not always been able to accomplish the same of the c
k e the same time the same of the constitution of the Union are not always been able to accomplish the 

[2017-11-28 22:01] Train Step 15501/20000, Batch Size = 64, Examples/Sec = 1467.33, Loss = 1.08
in the year 1830. The population of the United States are not the right of a power which is the same power whic
H e the power of the United States are not the right of a power which is the same power which is the s 

[2017-11-28 22:01] Train Step 15751/20000, Batch Size = 64, Examples/Sec = 1628.55, Loss = 1.16
in the year 1830, the Americans of the United States are not supposed to the present day the propensities of th
t he propensities of the State in the United States are not supposed to the present day the propensiti 

[2017-11-28 22:02] Train Step 16001/20000, Batch Size = 64, Examples/Sec = 1502.48, Loss = 1.17
in the year 1830. The principles of the Union are not always abolished the constitution of the people are not a
n  the majority of the people are not always abolished the constitution of the people are not always a 

in the year 1830 the Americans of the United States the power of the community is already observed that the pow
0 0 the power of the community is already observed that the power of the community is already observed 

[2017-11-28 22:02] Train Step 16251/20000, Batch Size = 64, Examples/Sec = 1667.43, Loss = 1.10
in the year 1830 the power of the Union are not always been a party in the United States is the same time the p
5 , p. 127.]

[Footnote f: The population of the United States the power of the Union are not always b 

[2017-11-28 22:02] Train Step 16501/20000, Batch Size = 64, Examples/Sec = 1481.64, Loss = 1.07
in the year 1830, the Constitution of the United States are not always been abandoned to the press is the const
