Initialize dataset with 1148435 characters, 84 unique.
[2017-11-28 21:07] Train Step 0001/20000, Batch Size = 64, Examples/Sec = 68.28, Loss = 4.43
lll]]]]]]]E]]]]E]]]]]]E]]]]]]]
gppbbbbb;;;;;;;;;;xx;;;oaaaaaa
                              
                              
                              
                              
[2017-11-28 21:08] Train Step 0251/20000, Batch Size = 64, Examples/Sec = 1517.91, Loss = 3.13
                              
                              
                              
                              
[2017-11-28 21:08] Train Step 0501/20000, Batch Size = 64, Examples/Sec = 1526.68, Loss = 2.74
e the the the the the the the 
 te the the the the the the th
 of the the the the the the th
 the the the the the the the t
 of the preres of the the the 
 the preres of the the the the
[2017-11-28 21:08] Train Step 0751/20000, Batch Size = 64, Examples/Sec = 1430.98, Loss = 2.15
 of the presicins of the presi
e the presicin of the presicin
 the prosest of the prosest of
e the prostion the prost of th
[2017-11-28 21:08] Train Step 1001/20000, Batch Size = 64, Examples/Sec = 1539.59, Loss = 1.87
 the present the present the p
 the present the present the p
 the propestion of the propest
the propestion of the propesti
 the prosest the propess of th
er the propestion of the prope
[2017-11-28 21:08] Train Step 1251/20000, Batch Size = 64, Examples/Sec = 1420.34, Loss = 1.74
 the propersion of the propers
the propers of the propersed t
 the propersion of the United 
 the prosent of the United Sta
[2017-11-28 21:09] Train Step 1501/20000, Batch Size = 64, Examples/Sec = 1508.39, Loss = 1.64
 the propers of the propers of
The State of the propers of th
 of the propertion of the prop
hich are the country of the pr
 of the country of the country
 The country of the country of
[2017-11-28 21:09] Train Step 1751/20000, Batch Size = 64, Examples/Sec = 1527.80, Loss = 1.61
 of the present of the present
 and the present of the presen
 to the constitution of the co
 the constitution of the const
[2017-11-28 21:09] Train Step 2001/20000, Batch Size = 64, Examples/Sec = 1382.08, Loss = 1.51
 to the property of the propen
 The sect of the propention of
 the same of the sects of the 
 the same of the sects of the 
 the condition of the State of
 and the present the present t
[2017-11-28 21:09] Train Step 2251/20000, Batch Size = 64, Examples/Sec = 1437.05, Loss = 1.42
 to the propensity the propens
 the propensity of the power o
 to the property which the pro
 the property which the proper
[2017-11-28 21:09] Train Step 2501/20000, Batch Size = 64, Examples/Sec = 1561.71, Loss = 1.42
 in the same of the present to
he power of the present to the
 of the constitution of the co
ortion of the power of the pow
 of the country of the country
 The United States are the cou
[2017-11-28 21:09] Train Step 2751/20000, Batch Size = 64, Examples/Sec = 1457.32, Loss = 1.36
 in the country of the people 
udicial to the people which th
 of the States of the States o
tions of the States of the Sta
[2017-11-28 21:10] Train Step 3001/20000, Batch Size = 64, Examples/Sec = 1505.34, Loss = 1.38
 of the United States are the 
emocratic interests of the pow
 of the Union is therefore the
 the constitute the laws of th
 of the United States are the 
s and the principles of the Un
[2017-11-28 21:10] Train Step 3251/20000, Batch Size = 64, Examples/Sec = 1575.68, Loss = 1.39
 of the United States the prov
 The Americans of the United S
 of the United States are the 
orthern States of the United S
[2017-11-28 21:10] Train Step 3501/20000, Batch Size = 64, Examples/Sec = 1578.20, Loss = 1.33
 of the Union which the prospe
the property of the United Sta
 of the Union which the same p
arisans of the Union which the
 the constitution of the const
e to the constitution of the c
[2017-11-28 21:10] Train Step 3751/20000, Batch Size = 64, Examples/Sec = 1586.39, Loss = 1.26
 of the United States is the c
Footnote d: The State of the U
 in the United States in the U
the principles of the principl
[2017-11-28 21:10] Train Step 4001/20000, Batch Size = 64, Examples/Sec = 1556.00, Loss = 1.30
 and the people was the people
 The American constitution of 
 of the United States the cont
hen the country the country th
 and the private contrary of t
0, 1830, 1820, 1820, 1820, 182
[2017-11-28 21:11] Train Step 4251/20000, Batch Size = 64, Examples/Sec = 1317.52, Loss = 1.24
 of the Union were all the sam
 the same principal and proper
 of the United States are the 
he same people and the same pe
[2017-11-28 21:11] Train Step 4501/20000, Batch Size = 64, Examples/Sec = 1439.63, Loss = 1.24
 of the Union is the country o
hich is the country of the Uni
 and the power of the people w
ery prosperity of the people w
 of the United States the prin
he principles of the press of 
[2017-11-28 21:11] Train Step 4751/20000, Batch Size = 64, Examples/Sec = 1475.51, Loss = 1.26
 of the United States are the 
 the present the principles of
 Of The United States is the s
nd the same power of the Union
[2017-11-28 21:11] Train Step 5001/20000, Batch Size = 64, Examples/Sec = 1558.24, Loss = 1.30
 of the United States the cons
00,000 inhabitants of the peop
 and the present day the same 
nd the present day the same po
 and the provinces of the peop
 The American States and the p
[2017-11-28 21:11] Train Step 5251/20000, Batch Size = 64, Examples/Sec = 1557.29, Loss = 1.26
 of the Union is not the same 
n the United States are the sa
 of the United States the coun
e to the country which it is t
[2017-11-28 21:12] Train Step 5501/20000, Batch Size = 64, Examples/Sec = 1406.43, Loss = 1.23
 and the present time and the 
onstitution of the Union is th
 of the United States the prop
he Americans have been the pro
 and the present time and the 
f the present time and the pre
[2017-11-28 21:12] Train Step 5751/20000, Batch Size = 64, Examples/Sec = 1458.18, Loss = 1.25
 of the Union is to be a sense


[Footnote b: The same power 
 and the consequence of the co
e to the contrary of the Unite
[2017-11-28 21:12] Train Step 6001/20000, Batch Size = 64, Examples/Sec = 1561.47, Loss = 1.15
 of the United States and the 
e the present of the present t
 and the present day be advant
e the present day be advantage
 the constitution of the Unite
tains the present day the pres
[2017-11-28 21:12] Train Step 6251/20000, Batch Size = 64, Examples/Sec = 1471.14, Loss = 1.27
 of the United States the same
 the same property is the cons
 of the United States the prin
ations are the power of the pe
[2017-11-28 21:12] Train Step 6501/20000, Batch Size = 64, Examples/Sec = 1546.99, Loss = 1.25
 of the United States is the c
 the constitution of the Unite
 of the United States are the 
 the same properly as the same
 of the United States is the s
udges are the same principles 
[2017-11-28 21:13] Train Step 6751/20000, Batch Size = 64, Examples/Sec = 1565.35, Loss = 1.24
 and the property of the peopl
 and the property of the peopl
 of the Union is the same powe
ation of the people are the sa
[2017-11-28 21:13] Train Step 7001/20000, Batch Size = 64, Examples/Sec = 1464.83, Loss = 1.23
 of the United States the pres
 the present day the present d
 the contrary of the people an
lent the same property in the 
 of the United States the peop
e of the people are the power 
[2017-11-28 21:13] Train Step 7251/20000, Batch Size = 64, Examples/Sec = 1564.99, Loss = 1.20
 of the Union are already acqu
ection Of The United States ar
 of the United States is the s
 The same time and the same ti
[2017-11-28 21:13] Train Step 7501/20000, Batch Size = 64, Examples/Sec = 1463.02, Loss = 1.17
 of the United States is the r
icense and the present of the 
 of the Union is the consequen
f The American Constitution of
 of the Union was a powerful o
n the same principles of the p
[2017-11-28 21:13] Train Step 7751/20000, Batch Size = 64, Examples/Sec = 1451.54, Loss = 1.19
 of the Union and the same pow
0 to the same power of the pro
 of the Union which they are n
the present time the present t
[2017-11-28 21:13] Train Step 8001/20000, Batch Size = 64, Examples/Sec = 1449.40, Loss = 1.22
 and the continual institution
he American continues of the c
 of the Union which is the rea
overnment of the Union which i
 of the United States the same
urope in the United States the
[2017-11-28 21:14] Train Step 8251/20000, Batch Size = 64, Examples/Sec = 1373.10, Loss = 1.22
 and the State of The United S
830 the State of The United St
 and the same power of the peo
overnment is always be able to
[2017-11-28 21:14] Train Step 8501/20000, Batch Size = 64, Examples/Sec = 1402.39, Loss = 1.20
 and the manners of the Union 
 and the proportion of the peo
 of the United States is the p
 the present time the present 
 Of The United States are alre
on the same time and the prese
[2017-11-28 21:14] Train Step 8751/20000, Batch Size = 64, Examples/Sec = 1469.59, Loss = 1.12
 of the United States are allo
ertherest and the proper the p
 of the United States the prin
ut the present day of the prin
[2017-11-28 21:14] Train Step 9001/20000, Batch Size = 64, Examples/Sec = 1453.66, Loss = 1.21
 of the United States is the p
ation of the present time the 
 of the United States the prop
, and the proper of the princi
 of the Union is the present t
d and the present time of the 
[2017-11-28 21:14] Train Step 9251/20000, Batch Size = 64, Examples/Sec = 1421.81, Loss = 1.12
 and the principles of the peo
 the principles of the people 
 of the United States the pres
rovidence of the United States
[2017-11-28 21:15] Train Step 9501/20000, Batch Size = 64, Examples/Sec = 1547.45, Loss = 1.17
 of the United States the prin
ernment of the people and the 
 of the United States is the r
he power of the people is the 
 of the Union and the prosperi
 the people and the same prosp
[2017-11-28 21:15] Train Step 9751/20000, Batch Size = 64, Examples/Sec = 1451.10, Loss = 1.20
 to the same power of the peop
onstitution of the United Stat
 of the Union and the present 
f the people which is the repu
[2017-11-28 21:15] Train Step 10001/20000, Batch Size = 64, Examples/Sec = 1552.40, Loss = 1.15
 and the same principles of th
0 the same principles of the p
 and the contrary of the State
orth America is the continent 
 of the United States the pros
 The Americans are the same pr
[2017-11-28 21:15] Train Step 10251/20000, Batch Size = 64, Examples/Sec = 1559.94, Loss = 1.17
 in the United States is the m
onstitution of the United Stat
 and the same propensities of 
0 to the same propensities of 
[2017-11-28 21:15] Train Step 10501/20000, Batch Size = 64, Examples/Sec = 1547.88, Loss = 1.22
 and the States of the Union i
 I am not be exposed to the sa
 of the United States the prov
 the State of New York the Sta
 of the Union is the prosperit
overnment is the prosperity of
[2017-11-28 21:16] Train Step 10751/20000, Batch Size = 64, Examples/Sec = 1480.63, Loss = 1.14
 of the United States the peop
30,000 square legislation is t
 of the United States is the c
and the same power is the cond
[2017-11-28 21:16] Train Step 11001/20000, Batch Size = 64, Examples/Sec = 1457.23, Loss = 1.16
 of the United States the same
e of the people and the same p
 of the Union in the conduct o
 the same period in the conduc
 of the Union are the present 
n of the present time and the 
[2017-11-28 21:16] Train Step 11251/20000, Batch Size = 64, Examples/Sec = 1448.70, Loss = 1.20
 and the States of the Union a
he American control of the pre
 of the Union is the contrary 
epublican control of the contr
[2017-11-28 21:16] Train Step 11501/20000, Batch Size = 64, Examples/Sec = 1452.05, Loss = 1.10
 of the United States the pros
orth America the proportion of
 of the United States the peop
hich the people which is not t
 in the United States is the m
e the same proper and the majo
[2017-11-28 21:16] Train Step 11751/20000, Batch Size = 64, Examples/Sec = 1455.55, Loss = 1.14
 of the United States is the p
3, p. 23.) In the United State
 of the United States is the r
uently the same time to the sa
[2017-11-28 21:17] Train Step 12001/20000, Batch Size = 64, Examples/Sec = 1536.83, Loss = 1.10
 of the United States are the 
 the people who are to be met 
 of the United States is the r
0, the States which the people
 of the United States are the 
, and the prosperity of the pe
[2017-11-28 21:17] Train Step 12251/20000, Batch Size = 64, Examples/Sec = 1563.28, Loss = 1.14
 of the United States are the 
uestion to the present day the
 of the United States the pres
iors. The power of the present
[2017-11-28 21:17] Train Step 12501/20000, Batch Size = 64, Examples/Sec = 1480.87, Loss = 1.10
 of the United States are the 
overnment is a man who seem to
 of the United States the same
 the same time and the same pr
 of the Union is a constitutio
ens who are the propensities o
[2017-11-28 21:17] Train Step 12751/20000, Batch Size = 64, Examples/Sec = 1450.37, Loss = 1.18
 of the Union and the same cou
n the country which is still m
 in the United States the same
 The same time and the same ti
[2017-11-28 21:17] Train Step 13001/20000, Batch Size = 64, Examples/Sec = 1451.76, Loss = 1.10
 of the United States the prov
ther the population of the Uni
 of the United States are the 
III: Future Constitution Of Th
 of the United States the prin
nited States the principle of 
[2017-11-28 21:17] Train Step 13251/20000, Batch Size = 64, Examples/Sec = 1558.94, Loss = 1.15
 of the Union in the United St
t the produce of the people ar
 of the United States the powe
 and the present day the prope
[2017-11-28 21:18] Train Step 13501/20000, Batch Size = 64, Examples/Sec = 1523.04, Loss = 1.13
 of the United States is the c
 and the present time and the 
 of the United States is the c
n the United States the prospe
 is the republican institution
30, p. 48.]

[Footnote f: The 
[2017-11-28 21:18] Train Step 13751/20000, Batch Size = 64, Examples/Sec = 1462.13, Loss = 1.14
 of the United States is the r
 the constitution of the Unite
 of the United States the most
the constitution of the United
[2017-11-28 21:18] Train Step 14001/20000, Batch Size = 64, Examples/Sec = 1464.24, Loss = 1.07
 of the United States the prop
e able to be able to be able t
 of the United States are to b
assachusetts the prosecution o
 of the United States than tha
he principles of the people is
[2017-11-28 21:18] Train Step 14251/20000, Batch Size = 64, Examples/Sec = 1483.09, Loss = 1.07
 of the United States are the 
 The principle of the people i
 Constitution of the United St
31, p. 44.]

[Footnote c: The 
[2017-11-28 21:18] Train Step 14501/20000, Batch Size = 64, Examples/Sec = 1488.82, Loss = 1.06
 of the United States and the 
 the same time the same time t
 in the United States is a sec
the contrary present day the c
 of the United States is the m
ou must be address the princip
[2017-11-28 21:19] Train Step 14751/20000, Batch Size = 64, Examples/Sec = 1572.71, Loss = 1.21
 of the United States the prop
uropean control of the people 
 of the United States the same
 and the same time the same ti
[2017-11-28 21:19] Train Step 15001/20000, Batch Size = 64, Examples/Sec = 1453.20, Loss = 1.08
 of the United States the peop
, 1830, 1830, 1830, 1830, 1830
 and the same principles of th
orth America as the same time 
 of the United States the same
ns of the States of the United
[2017-11-28 21:19] Train Step 15251/20000, Batch Size = 64, Examples/Sec = 1446.61, Loss = 1.07
 is the same time is a securit
icense are the same time the s
 of the United States the cons
ork that the power of the coun
[2017-11-28 21:19] Train Step 15501/20000, Batch Size = 64, Examples/Sec = 1445.00, Loss = 1.10
 and the State of New England 
ens of the United States the s
 and the State of New England 
31, p. 150.]

[Footnote s: The
 and the contrary transformed 
 The same time the present day
[2017-11-28 21:19] Train Step 15751/20000, Batch Size = 64, Examples/Sec = 1423.17, Loss = 1.16
 and the contrary, the proper 
orth America is the contrary, 
 in the United States is the r
, p. 296. The political and th
[2017-11-28 21:20] Train Step 16001/20000, Batch Size = 64, Examples/Sec = 1425.81, Loss = 1.10
 of the United States are the 
tates is a second of the peopl
 of the United States that the
Footnote c: See Appendix, S. T
 and the power of the people w
ut the population of the Union
[2017-11-28 21:20] Train Step 16251/20000, Batch Size = 64, Examples/Sec = 1482.72, Loss = 1.15
 of the United States are almo
assachusetts in the United Sta
 and the same principles of th
, and the same propriety and t
[2017-11-28 21:20] Train Step 16501/20000, Batch Size = 64, Examples/Sec = 1443.83, Loss = 1.07
 and the same property is the 
 The Americans of the United S
 of the United States are alre
d the same power is the rest o
 in the United States are the 
 and if they are always suffic
[2017-11-28 21:20] Train Step 16751/20000, Batch Size = 64, Examples/Sec = 1440.95, Loss = 1.13
 in the United States the peop
ercise of the people in the co
 and the contrary, the consequ
e Union is not the same time t
[2017-11-28 21:20] Train Step 17001/20000, Batch Size = 64, Examples/Sec = 1570.94, Loss = 1.08
 of the United States are the 
n the United States are the pr
 of the United States is the o
0 to the State of Massachusett
 of the United States the same
ing its constitutional in the 
[2017-11-28 21:21] Train Step 17251/20000, Batch Size = 64, Examples/Sec = 1596.15, Loss = 1.16
 of the United States the prop
erican laws are the contrary, 
 of the United States are not 
ork, "We are not submitted to 
[2017-11-28 21:21] Train Step 17501/20000, Batch Size = 64, Examples/Sec = 1416.52, Loss = 1.11
 of the United States is the p
, p. 18.]

[Footnote p: The pr
 of the United States the peop
ouse of Representatives in the
 and the same property and the
t the present time in the Unit
[2017-11-28 21:21] Train Step 17751/20000, Batch Size = 64, Examples/Sec = 1585.90, Loss = 1.12
 of the United States that the
ernment is the consequence of 
 of the United States the prop
orth America were not the same
[2017-11-28 21:21] Train Step 18001/20000, Batch Size = 64, Examples/Sec = 1416.19, Loss = 1.04
 of the United States are the 
 have already all the control 
, and the prosperity of the pe
he Americans have no common to
 and the provincial government
. The power of the States of t
[2017-11-28 21:21] Train Step 18251/20000, Batch Size = 64, Examples/Sec = 1588.26, Loss = 1.10
 of the United States is the c
en and the prosperity of the p
 of the United States is the c
89, which is the restricted by
[2017-11-28 21:21] Train Step 18501/20000, Batch Size = 64, Examples/Sec = 1589.23, Loss = 1.09
 of the United States the powe
the same principles which the 
 and the same time in the same
f the present time in the same
 and the same time the same ti
roject Gutenberg-tm electronic
[2017-11-28 21:22] Train Step 18751/20000, Batch Size = 64, Examples/Sec = 1436.86, Loss = 1.13
 of the United States are alre
orth America are already and t
 of the United States the prop
emocracy in America the proper
[2017-11-28 21:22] Train Step 19001/20000, Batch Size = 64, Examples/Sec = 1601.49, Loss = 1.07
 and the present day of the pe
 The principle of the people i
 and the constituent consequen
a The American consequences of
 of the United States the cons
e of the present day the conse
[2017-11-28 21:22] Train Step 19251/20000, Batch Size = 64, Examples/Sec = 1589.97, Loss = 1.05
 of the United States is the o
nion is the only subsists of t
 of the Union will not be said
, p. 48.) The Americans of the
[2017-11-28 21:22] Train Step 19501/20000, Batch Size = 64, Examples/Sec = 1427.22, Loss = 1.13
 of the United States are allo
overnment is the only subject 
 and the same cause of the peo
e made by the same cause of th
 of the United States is a sec
 the majority of the United St
[2017-11-28 21:22] Train Step 19751/20000, Batch Size = 64, Examples/Sec = 1435.61, Loss = 1.13
 of the United States the peop
, and the property of the peop
 of the United States is the m
ing in the United States is th
